<?xml version="1.0" encoding="UTF-8"?>
<testsuite xmlns:xsi="http://www.w3.org/2001/XMLSchema-instance" xsi:noNamespaceSchemaLocation="https://maven.apache.org/surefire/maven-surefire-plugin/xsd/surefire-test-report-3.0.xsd" version="3.0" name="unlp.info.bd2.ToursQuerysTests" time="2.088" tests="1" errors="1" skipped="0" failures="0">
  <properties>
[...]
</properties>
  <testcase name="" classname="unlp.info.bd2.ToursQuerysTests" time="2.088">
    <error message="Cannot invoke &quot;unlp.info.bd2.model.Route.addDriver(unlp.info.bd2.model.DriverUser)&quot; because &quot;route1&quot; is null" type="java.lang.NullPointerException"><![CDATA[java.lang.NullPointerException: Cannot invoke "unlp.info.bd2.model.Route.addDriver(unlp.info.bd2.model.DriverUser)" because "route1" is null
	at unlp.info.bd2.utils.DBInitializer.prepareDB(DBInitializer.java:94)
	at java.base/java.lang.reflect.Method.invoke(Method.java:580)
	at org.springframework.aop.support.AopUtils.invokeJoinpointUsingReflection(AopUtils.java:351)
	at org.springframework.aop.framework.ReflectiveMethodInvocation.invokeJoinpoint(ReflectiveMethodInvocation.java:196)
	at org.springframework.aop.framework.ReflectiveMethodInvocation.proceed(ReflectiveMethodInvocation.java:163)
	at org.springframework.aop.framework.CglibAopProxy$CglibMethodInvocation.proceed(CglibAopProxy.java:765)
	at org.springframework.transaction.interceptor.TransactionInterceptor$1.proceedWithInvocation(TransactionInterceptor.java:123)
	at org.springframework.transaction.interceptor.TransactionAspectSupport.invokeWithinTransaction(TransactionAspectSupport.java:391)
	at org.springframework.transaction.interceptor.TransactionInterceptor.invoke(TransactionInterceptor.java:119)
	at org.springframework.aop.framework.ReflectiveMethodInvocation.proceed(ReflectiveMethodInvocation.java:184)
	at org.springframework.aop.framework.CglibAopProxy$CglibMethodInvocation.proceed(CglibAopProxy.java:765)
	at org.springframework.aop.framework.CglibAopProxy$DynamicAdvisedInterceptor.intercept(CglibAopProxy.java:717)
	at unlp.info.bd2.utils.DBInitializer$$SpringCGLIB$$0.prepareDB(<generated>)
	at unlp.info.bd2.ToursQuerysTests.prepareDB(ToursQuerysTests.java:46)
	at java.base/java.lang.reflect.Method.invoke(Method.java:580)
	at java.base/java.util.ArrayList.forEach(ArrayList.java:1596)
]]></error>
    <system-out><![CDATA[19:13:55.795 [main] INFO org.hibernate.cache.internal.RegionFactoryInitiator -- HHH000026: Second-level cache disabled
19:13:55.816 [main] WARN org.hibernate.orm.deprecation -- HHH90000025: MySQLDialect does not need to be specified explicitly using 'hibernate.dialect' (remove the property setting and it will be selected by default)
19:13:55.997 [main] INFO org.hibernate.metamodel.internal.EntityInstantiatorPojoStandard -- HHH000182: No default (no-argument) constructor for class: unlp.info.bd2.model.Stop (class must be instantiated by Interceptor)
19:13:56.168 [main] INFO org.hibernate.engine.transaction.jta.platform.internal.JtaPlatformInitiator -- HHH000489: No JTA platform available (set 'hibernate.transaction.jta.platform' to enable JTA platform integration)
Hibernate: 
    alter table itemService 
       drop 
       foreign key FK3fbbga5kfjuayy3gc85x7cln3
Hibernate: 
    alter table itemService 
       drop 
       foreign key FKou28loyvo5p5evnmi6re1yvxb
Hibernate: 
    alter table Purchase 
       drop 
       foreign key FKmegulceyii61cx6yvqjk2arme
Hibernate: 
    alter table Purchase 
       drop 
       foreign key FKe38mi6hefejgcq3hhswf0vg2w
Hibernate: 
    alter table Review 
       drop 
       foreign key FKllu3c5acfdsewb2fg2s1e0dfd
Hibernate: 
    alter table route_driver 
       drop 
       foreign key FKfvldnxa4mb820mysg7daircty
Hibernate: 
    alter table route_driver 
       drop 
       foreign key FKf5b89brixnxjua499h8akt4dt
Hibernate: 
    alter table route_guide 
       drop 
       foreign key FKgkaxppoj3mr1gfohcx30ssoo4
Hibernate: 
    alter table route_guide 
       drop 
       foreign key FKodyvxgyq0bljjwi9kf4wl1bkx
Hibernate: 
    alter table route_stop 
       drop 
       foreign key FKdhlwk9t89bsdrleqsk6a1edns
Hibernate: 
    alter table route_stop 
       drop 
       foreign key FKsdni7jndcjyk8dd3sscmipo4y
Hibernate: 
    alter table Service 
       drop 
       foreign key FK7r8rfu8lnotaryukymhmmt4x2
Hibernate: 
    drop table if exists AppUser
Hibernate: 
    drop table if exists itemService
Hibernate: 
    drop table if exists Purchase
Hibernate: 
    drop table if exists Review
Hibernate: 
    drop table if exists Route
Hibernate: 
    drop table if exists route_driver
Hibernate: 
    drop table if exists route_guide
Hibernate: 
    drop table if exists route_stop
Hibernate: 
    drop table if exists Service
Hibernate: 
    drop table if exists Stop
Hibernate: 
    drop table if exists Supplier
Hibernate: 
    create table AppUser (
        active bit not null,
        date datetime(6) not null,
        id bigint not null auto_increment,
        phoneNumber varchar(15) not null,
        type varchar(31) not null,
        password varchar(511) not null,
        education varchar(255),
        email varchar(255) not null,
        expedient varchar(255),
        name varchar(255) not null,
        username varchar(255) not null,
        primary key (id)
    ) engine=InnoDB
Hibernate: 
    create table itemService (
        quantity integer not null,
        id bigint not null auto_increment,
        purchase_id bigint not null,
        service_id bigint not null,
        primary key (id)
    ) engine=InnoDB
Hibernate: 
    create table Purchase (
        totalPrice float(23) not null,
        date datetime(6) not null,
        id bigint not null auto_increment,
        route_id bigint not null,
        user_id bigint not null,
        code varchar(255) not null,
        primary key (id)
    ) engine=InnoDB
Hibernate: 
    create table Review (
        rating integer not null,
        id bigint not null auto_increment,
        purchase_id bigint not null,
        comment varchar(1023),
        primary key (id)
    ) engine=InnoDB
Hibernate: 
    create table Route (
        maxNumberUsers integer not null,
        price float(23) not null,
        totalKm float(23) not null,
        id bigint not null auto_increment,
        name varchar(255) not null,
        primary key (id)
    ) engine=InnoDB
Hibernate: 
    create table route_driver (
        driverUser_id bigint not null,
        route_id bigint not null
    ) engine=InnoDB
Hibernate: 
    create table route_guide (
        route_id bigint not null,
        tourGuideUser_id bigint not null
    ) engine=InnoDB
Hibernate: 
    create table route_stop (
        route_id bigint not null,
        stop_id bigint not null
    ) engine=InnoDB
Hibernate: 
    create table Service (
        price float(23) not null,
        id bigint not null auto_increment,
        supplier_id bigint not null,
        description varchar(255) not null,
        name varchar(255) not null,
        primary key (id)
    ) engine=InnoDB
Hibernate: 
    create table Stop (
        id bigint not null auto_increment,
        description varchar(1023) not null,
        name varchar(255) not null,
        primary key (id)
    ) engine=InnoDB
Hibernate: 
    create table Supplier (
        id bigint not null auto_increment,
        authorizationNumber varchar(255) not null,
        businessName varchar(255) not null,
        primary key (id)
    ) engine=InnoDB
Hibernate: 
    alter table AppUser 
       add constraint UK_atqgqm46rh7b0lrgl80ryd5tp unique (username)
Hibernate: 
    alter table Review 
       add constraint UK_k1hayctsk7sh28pkewme2cpwh unique (purchase_id)
Hibernate: 
    alter table itemService 
       add constraint FK3fbbga5kfjuayy3gc85x7cln3 
       foreign key (purchase_id) 
       references Purchase (id)
Hibernate: 
    alter table itemService 
       add constraint FKou28loyvo5p5evnmi6re1yvxb 
       foreign key (service_id) 
       references Service (id)
Hibernate: 
    alter table Purchase 
       add constraint FKmegulceyii61cx6yvqjk2arme 
       foreign key (route_id) 
       references Route (id)
Hibernate: 
    alter table Purchase 
       add constraint FKe38mi6hefejgcq3hhswf0vg2w 
       foreign key (user_id) 
       references AppUser (id)
Hibernate: 
    alter table Review 
       add constraint FKllu3c5acfdsewb2fg2s1e0dfd 
       foreign key (purchase_id) 
       references Purchase (id)
Hibernate: 
    alter table route_driver 
       add constraint FKfvldnxa4mb820mysg7daircty 
       foreign key (driverUser_id) 
       references AppUser (id)
Hibernate: 
    alter table route_driver 
       add constraint FKf5b89brixnxjua499h8akt4dt 
       foreign key (route_id) 
       references Route (id)
Hibernate: 
    alter table route_guide 
       add constraint FKgkaxppoj3mr1gfohcx30ssoo4 
       foreign key (tourGuideUser_id) 
       references AppUser (id)
Hibernate: 
    alter table route_guide 
       add constraint FKodyvxgyq0bljjwi9kf4wl1bkx 
       foreign key (route_id) 
       references Route (id)
Hibernate: 
    alter table route_stop 
       add constraint FKdhlwk9t89bsdrleqsk6a1edns 
       foreign key (stop_id) 
       references Stop (id)
Hibernate: 
    alter table route_stop 
       add constraint FKsdni7jndcjyk8dd3sscmipo4y 
       foreign key (route_id) 
       references Route (id)
Hibernate: 
    alter table Service 
       add constraint FK7r8rfu8lnotaryukymhmmt4x2 
       foreign key (supplier_id) 
       references Supplier (id)
Hibernate: 
    insert 
    into
        Stop
        (description, name) 
    values
        (?, ?)
Hibernate: 
    insert 
    into
        Stop
        (description, name) 
    values
        (?, ?)
Hibernate: 
    insert 
    into
        Stop
        (description, name) 
    values
        (?, ?)
Hibernate: 
    insert 
    into
        Stop
        (description, name) 
    values
        (?, ?)
Hibernate: 
    insert 
    into
        Stop
        (description, name) 
    values
        (?, ?)
Hibernate: 
    insert 
    into
        Stop
        (description, name) 
    values
        (?, ?)
Hibernate: 
    insert 
    into
        Stop
        (description, name) 
    values
        (?, ?)
Hibernate: 
    insert 
    into
        Stop
        (description, name) 
    values
        (?, ?)
Hibernate: 
    insert 
    into
        Stop
        (description, name) 
    values
        (?, ?)
Hibernate: 
    insert 
    into
        Stop
        (description, name) 
    values
        (?, ?)
Hibernate: 
    insert 
    into
        Stop
        (description, name) 
    values
        (?, ?)
Hibernate: 
    insert 
    into
        Stop
        (description, name) 
    values
        (?, ?)
Hibernate: 
    insert 
    into
        Stop
        (description, name) 
    values
        (?, ?)
Hibernate: 
    insert 
    into
        Stop
        (description, name) 
    values
        (?, ?)
Hibernate: 
    insert 
    into
        Stop
        (description, name) 
    values
        (?, ?)
Hibernate: 
    insert 
    into
        Stop
        (description, name) 
    values
        (?, ?)
Hibernate: 
    insert 
    into
        Stop
        (description, name) 
    values
        (?, ?)
Hibernate: 
    insert 
    into
        Stop
        (description, name) 
    values
        (?, ?)
Hibernate: 
    insert 
    into
        Stop
        (description, name) 
    values
        (?, ?)
Hibernate: 
    insert 
    into
        Stop
        (description, name) 
    values
        (?, ?)
Hibernate: 
    select
        u1_0.id,
        u1_0.type,
        u1_0.active,
        u1_0.date,
        u1_0.email,
        u1_0.name,
        u1_0.password,
        u1_0.phoneNumber,
        u1_0.username,
        u1_0.expedient,
        u1_0.education 
    from
        AppUser u1_0 
    where
        u1_0.username=?
Hibernate: 
    insert 
    into
        AppUser
        (active, date, email, name, password, phoneNumber, username, type) 
    values
        (?, ?, ?, ?, ?, ?, ?, 'User')
Hibernate: 
    select
        u1_0.id,
        u1_0.type,
        u1_0.active,
        u1_0.date,
        u1_0.email,
        u1_0.name,
        u1_0.password,
        u1_0.phoneNumber,
        u1_0.username,
        u1_0.expedient,
        u1_0.education 
    from
        AppUser u1_0 
    where
        u1_0.username=?
Hibernate: 
    insert 
    into
        AppUser
        (active, date, email, name, password, phoneNumber, username, type) 
    values
        (?, ?, ?, ?, ?, ?, ?, 'User')
Hibernate: 
    select
        u1_0.id,
        u1_0.type,
        u1_0.active,
        u1_0.date,
        u1_0.email,
        u1_0.name,
        u1_0.password,
        u1_0.phoneNumber,
        u1_0.username,
        u1_0.expedient,
        u1_0.education 
    from
        AppUser u1_0 
    where
        u1_0.username=?
Hibernate: 
    insert 
    into
        AppUser
        (active, date, email, name, password, phoneNumber, username, type) 
    values
        (?, ?, ?, ?, ?, ?, ?, 'User')
Hibernate: 
    select
        u1_0.id,
        u1_0.type,
        u1_0.active,
        u1_0.date,
        u1_0.email,
        u1_0.name,
        u1_0.password,
        u1_0.phoneNumber,
        u1_0.username,
        u1_0.expedient,
        u1_0.education 
    from
        AppUser u1_0 
    where
        u1_0.username=?
Hibernate: 
    insert 
    into
        AppUser
        (active, date, email, name, password, phoneNumber, username, type) 
    values
        (?, ?, ?, ?, ?, ?, ?, 'User')
Hibernate: 
    select
        u1_0.id,
        u1_0.type,
        u1_0.active,
        u1_0.date,
        u1_0.email,
        u1_0.name,
        u1_0.password,
        u1_0.phoneNumber,
        u1_0.username,
        u1_0.expedient,
        u1_0.education 
    from
        AppUser u1_0 
    where
        u1_0.username=?
Hibernate: 
    insert 
    into
        AppUser
        (active, date, email, name, password, phoneNumber, username, type) 
    values
        (?, ?, ?, ?, ?, ?, ?, 'User')
Hibernate: 
    select
        u1_0.id,
        u1_0.type,
        u1_0.active,
        u1_0.date,
        u1_0.email,
        u1_0.name,
        u1_0.password,
        u1_0.phoneNumber,
        u1_0.username,
        u1_0.expedient,
        u1_0.education 
    from
        AppUser u1_0 
    where
        u1_0.username=?
Hibernate: 
    insert 
    into
        AppUser
        (active, date, email, name, password, phoneNumber, username, type) 
    values
        (?, ?, ?, ?, ?, ?, ?, 'User')
Hibernate: 
    select
        u1_0.id,
        u1_0.type,
        u1_0.active,
        u1_0.date,
        u1_0.email,
        u1_0.name,
        u1_0.password,
        u1_0.phoneNumber,
        u1_0.username,
        u1_0.expedient,
        u1_0.education 
    from
        AppUser u1_0 
    where
        u1_0.username=?
Hibernate: 
    insert 
    into
        AppUser
        (active, date, email, name, password, phoneNumber, username, type) 
    values
        (?, ?, ?, ?, ?, ?, ?, 'User')
Hibernate: 
    select
        u1_0.id,
        u1_0.type,
        u1_0.active,
        u1_0.date,
        u1_0.email,
        u1_0.name,
        u1_0.password,
        u1_0.phoneNumber,
        u1_0.username,
        u1_0.expedient,
        u1_0.education 
    from
        AppUser u1_0 
    where
        u1_0.username=?
Hibernate: 
    insert 
    into
        AppUser
        (active, date, email, name, password, phoneNumber, username, type) 
    values
        (?, ?, ?, ?, ?, ?, ?, 'User')
Hibernate: 
    select
        u1_0.id,
        u1_0.type,
        u1_0.active,
        u1_0.date,
        u1_0.email,
        u1_0.name,
        u1_0.password,
        u1_0.phoneNumber,
        u1_0.username,
        u1_0.expedient,
        u1_0.education 
    from
        AppUser u1_0 
    where
        u1_0.username=?
Hibernate: 
    insert 
    into
        AppUser
        (active, date, email, name, password, phoneNumber, username, type) 
    values
        (?, ?, ?, ?, ?, ?, ?, 'User')
Hibernate: 
    select
        u1_0.id,
        u1_0.type,
        u1_0.active,
        u1_0.date,
        u1_0.email,
        u1_0.name,
        u1_0.password,
        u1_0.phoneNumber,
        u1_0.username,
        u1_0.expedient,
        u1_0.education 
    from
        AppUser u1_0 
    where
        u1_0.username=?
Hibernate: 
    insert 
    into
        AppUser
        (active, date, email, name, password, phoneNumber, username, type) 
    values
        (?, ?, ?, ?, ?, ?, ?, 'User')
Hibernate: 
    select
        u1_0.id,
        u1_0.type,
        u1_0.active,
        u1_0.date,
        u1_0.email,
        u1_0.name,
        u1_0.password,
        u1_0.phoneNumber,
        u1_0.username,
        u1_0.expedient,
        u1_0.education 
    from
        AppUser u1_0 
    where
        u1_0.username=?
Hibernate: 
    insert 
    into
        AppUser
        (active, date, email, name, password, phoneNumber, username, expedient, type) 
    values
        (?, ?, ?, ?, ?, ?, ?, ?, 'Driver')
Hibernate: 
    select
        u1_0.id,
        u1_0.type,
        u1_0.active,
        u1_0.date,
        u1_0.email,
        u1_0.name,
        u1_0.password,
        u1_0.phoneNumber,
        u1_0.username,
        u1_0.expedient,
        u1_0.education 
    from
        AppUser u1_0 
    where
        u1_0.username=?
Hibernate: 
    insert 
    into
        AppUser
        (active, date, email, name, password, phoneNumber, username, expedient, type) 
    values
        (?, ?, ?, ?, ?, ?, ?, ?, 'Driver')
Hibernate: 
    select
        u1_0.id,
        u1_0.type,
        u1_0.active,
        u1_0.date,
        u1_0.email,
        u1_0.name,
        u1_0.password,
        u1_0.phoneNumber,
        u1_0.username,
        u1_0.expedient,
        u1_0.education 
    from
        AppUser u1_0 
    where
        u1_0.username=?
Hibernate: 
    insert 
    into
        AppUser
        (active, date, email, name, password, phoneNumber, username, expedient, type) 
    values
        (?, ?, ?, ?, ?, ?, ?, ?, 'Driver')
Hibernate: 
    select
        u1_0.id,
        u1_0.type,
        u1_0.active,
        u1_0.date,
        u1_0.email,
        u1_0.name,
        u1_0.password,
        u1_0.phoneNumber,
        u1_0.username,
        u1_0.expedient,
        u1_0.education 
    from
        AppUser u1_0 
    where
        u1_0.username=?
Hibernate: 
    insert 
    into
        AppUser
        (active, date, email, name, password, phoneNumber, username, expedient, type) 
    values
        (?, ?, ?, ?, ?, ?, ?, ?, 'Driver')
Hibernate: 
    select
        u1_0.id,
        u1_0.type,
        u1_0.active,
        u1_0.date,
        u1_0.email,
        u1_0.name,
        u1_0.password,
        u1_0.phoneNumber,
        u1_0.username,
        u1_0.expedient,
        u1_0.education 
    from
        AppUser u1_0 
    where
        u1_0.username=?
Hibernate: 
    insert 
    into
        AppUser
        (active, date, email, name, password, phoneNumber, username, education, type) 
    values
        (?, ?, ?, ?, ?, ?, ?, ?, 'TourGuide')
Hibernate: 
    select
        u1_0.id,
        u1_0.type,
        u1_0.active,
        u1_0.date,
        u1_0.email,
        u1_0.name,
        u1_0.password,
        u1_0.phoneNumber,
        u1_0.username,
        u1_0.expedient,
        u1_0.education 
    from
        AppUser u1_0 
    where
        u1_0.username=?
Hibernate: 
    insert 
    into
        AppUser
        (active, date, email, name, password, phoneNumber, username, education, type) 
    values
        (?, ?, ?, ?, ?, ?, ?, ?, 'TourGuide')
Hibernate: 
    select
        u1_0.id,
        u1_0.type,
        u1_0.active,
        u1_0.date,
        u1_0.email,
        u1_0.name,
        u1_0.password,
        u1_0.phoneNumber,
        u1_0.username,
        u1_0.expedient,
        u1_0.education 
    from
        AppUser u1_0 
    where
        u1_0.username=?
Hibernate: 
    insert 
    into
        AppUser
        (active, date, email, name, password, phoneNumber, username, education, type) 
    values
        (?, ?, ?, ?, ?, ?, ?, ?, 'TourGuide')
Hibernate: 
    select
        u1_0.id,
        u1_0.type,
        u1_0.active,
        u1_0.date,
        u1_0.email,
        u1_0.name,
        u1_0.password,
        u1_0.phoneNumber,
        u1_0.username,
        u1_0.expedient,
        u1_0.education 
    from
        AppUser u1_0 
    where
        u1_0.username=?
Hibernate: 
    insert 
    into
        AppUser
        (active, date, email, name, password, phoneNumber, username, education, type) 
    values
        (?, ?, ?, ?, ?, ?, ?, ?, 'TourGuide')
]]></system-out>
  </testcase>
</testsuite>